<?xml version="1.0" encoding="UTF-8"?>
<testsuite name="ru.stqa.pft.sandbox.PointTests" tests="3" skipped="0" failures="0" errors="0" timestamp="2020-01-26T22:30:47" hostname="DEVT58010" time="0.009">
  <properties/>
  <testcase name="testPoint1" classname="ru.stqa.pft.sandbox.PointTests" time="0.004"/>
  <testcase name="testPoint2" classname="ru.stqa.pft.sandbox.PointTests" time="0.0"/>
  <testcase name="testPoint3" classname="ru.stqa.pft.sandbox.PointTests" time="0.001"/>
  <system-out><![CDATA[]]></system-out>
  <system-err><![CDATA[]]></system-err>
</testsuite>
